Build started 2011/6/23 21:50:12.
     1>Project "E:\code\vs2010code\algorithn2011\algorithn2011\algorithn2011.vcxproj" on node 2 (rebuild target(s)).
     1>_PrepareForClean:
         Deleting file "Debug\algorithn2011.lastbuildstate".
       InitializeBuildStatus:
         Touching "Debug\algorithn2011.unsuccessfulbuild".
       ClCompile:
         E:\Program Files (x86)\Microsoft Visual Studio 10.0\VC\bin\CL.exe /c /ZI /nologo /W3 /WX- /Od /Oy- /D WIN32 /D _DEBUG /D _CONSOLE /D _UNICODE /D UNICODE /Gm /EHsc /RTC1 /MDd /GS /fp:precise /Zc:wchar_t /Zc:forScope /Fo"Debug\\" /Fd"Debug\vc100.pdb" /Gd /TC /analyze- /errorReport:prompt hello.c main.c
         main.c
         hello.c
     1>e:\code\vs2010code\algorithn2011\algorithn2011\hello.c(10): warning C4013: 'printf' undefined; assuming extern returning int
         Generating Code...
         E:\Program Files (x86)\Microsoft Visual Studio 10.0\VC\bin\CL.exe /c /ZI /nologo /W3 /WX- /Od /Oy- /D WIN32 /D _DEBUG /D _CONSOLE /D _UNICODE /D UNICODE /Gm /EHsc /RTC1 /MDd /GS /fp:precise /Zc:wchar_t /Zc:forScope /Fo"Debug\\" /Fd"Debug\vc100.pdb" /Gd /TP /analyze- /errorReport:prompt hello.cpp main.cpp
         main.cpp
         hello.cpp
         Generating Code...
       ManifestResourceCompile:
         C:\Program Files (x86)\Microsoft SDKs\Windows\v7.0A\bin\rc.exe /nologo /fo"Debug\algorithn2011.exe.embed.manifest.res" Debug\algorithn2011_manifest.rc 
       Link:
         E:\Program Files (x86)\Microsoft Visual Studio 10.0\VC\bin\link.exe /ERRORREPORT:PROMPT /OUT:"E:\code\vs2010code\algorithn2011\Debug\algorithn2011.exe" /INCREMENTAL /NOLOGO kernel32.lib user32.lib gdi32.lib winspool.lib comdlg32.lib advapi32.lib shell32.lib ole32.lib oleaut32.lib uuid.lib odbc32.lib odbccp32.lib /MANIFEST /ManifestFile:"Debug\algorithn2011.exe.intermediate.manifest" /MANIFESTUAC:"level='asInvoker' uiAccess='false'" /DEBUG /PDB:"E:\code\vs2010code\algorithn2011\Debug\algorithn2011.pdb" /SUBSYSTEM:CONSOLE /TLBID:1 /DYNAMICBASE /NXCOMPAT /IMPLIB:"E:\code\vs2010code\algorithn2011\Debug\algorithn2011.lib" /MACHINE:X86 Debug\algorithn2011.exe.embed.manifest.res
         Debug\hello.obj
         Debug\hello.obj
         Debug\main.obj
         Debug\main.obj
     1>Debug\hello.obj : warning LNK4042: object specified more than once; extras ignored
     1>Debug\main.obj : warning LNK4042: object specified more than once; extras ignored
       Manifest:
         Deleting file "Debug\algorithn2011.exe.embed.manifest".
         C:\Program Files (x86)\Microsoft SDKs\Windows\v7.0A\bin\mt.exe /nologo /verbose /out:"Debug\algorithn2011.exe.embed.manifest" /manifest Debug\algorithn2011.exe.intermediate.manifest
         C:\Program Files (x86)\Microsoft SDKs\Windows\v7.0A\bin\rc.exe /nologo /fo"Debug\algorithn2011.exe.embed.manifest.res" Debug\algorithn2011_manifest.rc 
       LinkEmbedManifest:
         E:\Program Files (x86)\Microsoft Visual Studio 10.0\VC\bin\link.exe /ERRORREPORT:PROMPT /OUT:"E:\code\vs2010code\algorithn2011\Debug\algorithn2011.exe" /INCREMENTAL /NOLOGO kernel32.lib user32.lib gdi32.lib winspool.lib comdlg32.lib advapi32.lib shell32.lib ole32.lib oleaut32.lib uuid.lib odbc32.lib odbccp32.lib /MANIFEST /ManifestFile:"Debug\algorithn2011.exe.intermediate.manifest" /MANIFESTUAC:"level='asInvoker' uiAccess='false'" /DEBUG /PDB:"E:\code\vs2010code\algorithn2011\Debug\algorithn2011.pdb" /SUBSYSTEM:CONSOLE /TLBID:1 /DYNAMICBASE /NXCOMPAT /IMPLIB:"E:\code\vs2010code\algorithn2011\Debug\algorithn2011.lib" /MACHINE:X86 Debug\algorithn2011.exe.embed.manifest.res
         Debug\hello.obj
         Debug\hello.obj
         Debug\main.obj
         Debug\main.obj
     1>Debug\hello.obj : warning LNK4042: object specified more than once; extras ignored
     1>Debug\main.obj : warning LNK4042: object specified more than once; extras ignored
         algorithn2011.vcxproj -> E:\code\vs2010code\algorithn2011\Debug\algorithn2011.exe
       FinalizeBuildStatus:
         Deleting file "Debug\algorithn2011.unsuccessfulbuild".
         Touching "Debug\algorithn2011.lastbuildstate".
     1>Done Building Project "E:\code\vs2010code\algorithn2011\algorithn2011\algorithn2011.vcxproj" (rebuild target(s)).

Build succeeded.

Time Elapsed 00:00:03.92
