E:\code\vs2010code\algorithn2011\algorithn2011\Debug\algorithn2011.exe.embed.manifest
E:\CODE\VS2010CODE\ALGORITHN2011\ALGORITHN2011\DEBUG\ALGORITHN2011.EXE.EMBED.MANIFEST.RES
E:\code\vs2010code\algorithn2011\algorithn2011\Debug\algorithn2011.exe.intermediate.manifest
E:\code\vs2010code\algorithn2011\algorithn2011\Debug\algorithn2011_manifest.rc
E:\code\vs2010code\algorithn2011\algorithn2011\Debug\cl.command.1.tlog
E:\code\vs2010code\algorithn2011\algorithn2011\Debug\CL.read.1.tlog
E:\code\vs2010code\algorithn2011\algorithn2011\Debug\CL.write.1.tlog
E:\CODE\VS2010CODE\ALGORITHN2011\ALGORITHN2011\DEBUG\HELLO.OBJ
E:\code\vs2010code\algorithn2011\algorithn2011\Debug\link.command.1.tlog
E:\code\vs2010code\algorithn2011\algorithn2011\Debug\link.read.1.tlog
E:\code\vs2010code\algorithn2011\algorithn2011\Debug\link.write.1.tlog
E:\code\vs2010code\algorithn2011\algorithn2011\Debug\link-cvtres.read.1.tlog
E:\code\vs2010code\algorithn2011\algorithn2011\Debug\link-cvtres.write.1.tlog
E:\CODE\VS2010CODE\ALGORITHN2011\ALGORITHN2011\DEBUG\MAIN.OBJ
E:\code\vs2010code\algorithn2011\algorithn2011\Debug\rc.command.1.tlog
E:\code\vs2010code\algorithn2011\algorithn2011\Debug\rc.read.1.tlog
E:\code\vs2010code\algorithn2011\algorithn2011\Debug\rc.write.1.tlog
E:\code\vs2010code\algorithn2011\algorithn2011\Debug\vc100.idb
E:\CODE\VS2010CODE\ALGORITHN2011\ALGORITHN2011\DEBUG\VC100.PDB
E:\code\vs2010code\algorithn2011\Debug\algorithn2011.pdb
